Arguments: 
  /usr/local/bin/node /usr/local/bin/yarn

PATH: 
  /Library/Frameworks/Python.framework/Versions/3.9/bin:/usr/local/bin:/usr/bin:/bin:/usr/sbin:/sbin:/usr/local/share/dotnet:~/.dotnet/tools:/Library/Apple/usr/bin:/Library/Frameworks/Python.framework/Versions/3.9/bin:/Users/oyx/.cargo/bin

Yarn version: 
  1.22.10

Node version: 
  14.15.2

Platform: 
  darwin x64

Trace: 
  Error: https://registry.npm.taobao.org/@babel%2fruntime: tunneling socket could not be established, cause=Client network socket disconnected before secure TLS connection was established
      at ClientRequest.onError (/usr/local/lib/node_modules/yarn/lib/cli.js:152235:17)
      at Object.onceWrapper (events.js:422:26)
      at ClientRequest.emit (events.js:315:20)
      at TLSSocket.socketErrorListener (_http_client.js:469:9)
      at TLSSocket.emit (events.js:315:20)
      at emitErrorNT (internal/streams/destroy.js:106:8)
      at emitErrorCloseNT (internal/streams/destroy.js:74:3)
      at processTicksAndRejections (internal/process/task_queues.js:80:21)

npm manifest: 
  {
    "name": "taro-test",
    "version": "1.0.0",
    "private": true,
    "description": "test-taro-fantai",
    "templateInfo": {
      "name": "default",
      "typescript": false,
      "css": "less"
    },
    "scripts": {
      "build:weapp": "taro build --type weapp",
      "build:swan": "taro build --type swan",
      "build:alipay": "taro build --type alipay",
      "build:tt": "taro build --type tt",
      "build:h5": "taro build --type h5",
      "build:rn": "taro build --type rn",
      "build:qq": "taro build --type qq",
      "build:jd": "taro build --type jd",
      "build:quickapp": "taro build --type quickapp",
      "dev:weapp": "npm run build:weapp -- --watch",
      "dev:swan": "npm run build:swan -- --watch",
      "dev:alipay": "npm run build:alipay -- --watch",
      "dev:tt": "npm run build:tt -- --watch",
      "dev:h5": "npm run build:h5 -- --watch",
      "dev:rn": "npm run build:rn -- --watch",
      "dev:qq": "npm run build:qq -- --watch",
      "dev:jd": "npm run build:jd -- --watch",
      "dev:quickapp": "npm run build:quickapp -- --watch"
    },
    "browserslist": [
      "last 3 versions",
      "Android >= 4.1",
      "ios >= 8"
    ],
    "author": "",
    "dependencies": {
      "@babel/runtime": "^7.7.7",
      "@tarojs/components": "3.1.2",
      "@tarojs/runtime": "3.1.2",
      "@tarojs/taro": "3.1.2",
      "vue-template-compiler": "^2.5.0",
      "vue": "^2.5.0"
    },
    "devDependencies": {
      "@types/webpack-env": "^1.13.6",
      "@tarojs/mini-runner": "3.1.2",
      "@babel/core": "^7.8.0",
      "@tarojs/webpack-runner": "3.1.2",
      "babel-preset-taro": "3.1.2",
      "vue-loader": "^15.9.2",
      "eslint-plugin-vue": "^6.x",
      "eslint-config-taro": "3.1.2",
      "eslint": "^6.8.0",
      "stylelint": "9.3.0"
    }
  }

yarn manifest: 
  No manifest

Lockfile: 
  No lockfile
